{"level":"error","message":"[teste"}
{"level":"error","message":"[teste"}
{"level":"error","message":"[teste"}
{"level":"error","message":"[teste"}
{"level":"error","message":"[function now() { [native code] }] [CitiesController] [checkAllWeather]: Model Cities - Register id '1' incomplete: please update with Latitude/Longitude"}
{"level":"error","message":"[1651071963281] [CitiesController] [checkAllWeather]: Model Cities - Register id '1' incomplete: please update with Latitude/Longitude"}
{"level":"error","message":"[Wed Apr 27 2022 12:06:27 GMT-0300 (GMT-03:00)] [CitiesController] [checkAllWeather]: Model Cities - Register id '1' incomplete: please update with Latitude/Longitude"}
{"level":"error","message":"[Wed Apr 27 2022 12:30:00 GMT-0300 (GMT-03:00)] [CitiesController] [checkAllWeather]: Model Cities - Register id '1' incomplete: please update with Latitude/Longitude"}
{"level":"error","message":"[Wed Apr 27 2022 13:29:55 GMT-0300 (GMT-03:00)] [CitiesController] [checkAllWeather] Model Cities - Register id '4' incomplete: please update with Latitude/Longitude"}
{"level":"error","message":"[Wed Apr 27 2022 13:30:00 GMT-0300 (GMT-03:00)] [CitiesController] [checkAllWeather] Model Cities - Register id '4' incomplete: please update with Latitude/Longitude"}
{"level":"error","message":"[Wed Apr 27 2022 13:30:07 GMT-0300 (GMT-03:00)] [CitiesController] [checkAllWeather] Model Cities - Register id '1' incomplete: please update with Latitude/Longitude"}
{"level":"error","message":"[Wed Apr 27 2022 13:30:07 GMT-0300 (GMT-03:00)] [CitiesController] [checkAllWeather] Model Cities - Register id '2' incomplete: please update with Latitude/Longitude"}
{"level":"error","message":"[Wed Apr 27 2022 13:30:07 GMT-0300 (GMT-03:00)] [CitiesController] [checkAllWeather] Model Cities - Register id '3' incomplete: please update with Latitude/Longitude"}
{"level":"error","message":"[Wed Apr 27 2022 13:30:07 GMT-0300 (GMT-03:00)] [CitiesController] [checkAllWeather] Model Cities - Register id '4' incomplete: please update with Latitude/Longitude"}
{"level":"error","message":"[Wed Apr 27 2022 13:30:40 GMT-0300 (GMT-03:00)] [CitiesController] [checkAllWeather] Model Cities - Register id '1' incomplete: please update with Latitude/Longitude"}
{"level":"error","message":"[Wed Apr 27 2022 13:30:40 GMT-0300 (GMT-03:00)] [CitiesController] [checkAllWeather] Model Cities - Register id '2' incomplete: please update with Latitude/Longitude"}
{"level":"error","message":"[Wed Apr 27 2022 13:30:40 GMT-0300 (GMT-03:00)] [CitiesController] [checkAllWeather] Model Cities - Register id '3' incomplete: please update with Latitude/Longitude"}
{"level":"error","message":"[Wed Apr 27 2022 13:30:40 GMT-0300 (GMT-03:00)] [CitiesController] [checkAllWeather] Model Cities - Register id '4' incomplete: please update with Latitude/Longitude"}
{"level":"error","message":"[Wed Apr 27 2022 13:39:03 GMT-0300 (GMT-03:00)] [OpenWeatherProvider] [getWeather] Catch: Provider OpenWeatherMap - Model Citie - Register id '1': Could not get return from API with Latitude/Longitude provided"}
{"level":"error","message":"[Wed Apr 27 2022 13:39:03 GMT-0300 (GMT-03:00)] [OpenWeatherProvider] [getWeather] Catch: Provider OpenWeatherMap - Model Citie - Register id '2': Could not get return from API with Latitude/Longitude provided"}
{"level":"error","message":"[Wed Apr 27 2022 13:39:03 GMT-0300 (GMT-03:00)] [OpenWeatherProvider] [getWeather] Catch: Provider OpenWeatherMap - Model Citie - Register id '3': Could not get return from API with Latitude/Longitude provided"}
{"level":"error","message":"[Wed Apr 27 2022 13:39:03 GMT-0300 (GMT-03:00)] [CitiesController] [checkAllWeather] - Model Cities - Register id '4' incomplete: please update with Latitude/Longitude"}
{"level":"error","message":"[Wed Apr 27 2022 13:39:03 GMT-0300 (GMT-03:00)] [WeatherController] [getWeather] Catch: Cannot read property 'main' of undefined"}
{"level":"error","message":"[Wed Apr 27 2022 13:39:03 GMT-0300 (GMT-03:00)] [WeatherController] [getWeather] Catch: Cannot read property 'main' of undefined"}
{"level":"error","message":"[Wed Apr 27 2022 13:39:03 GMT-0300 (GMT-03:00)] [WeatherController] [getWeather] Catch: Cannot read property 'main' of undefined"}
{"level":"error","message":"[Wed Apr 27 2022 13:43:30 GMT-0300 (GMT-03:00)] [CitiesController] [checkAllWeather] - Model Cities - Register id '4' incomplete: please update with Latitude/Longitude"}
{"level":"error","message":"[Wed Apr 27 2022 13:43:30 GMT-0300 (GMT-03:00)] [WeatherController] [getWeather]: [OpenWeatherProvider] [getWeather] Catch: Model Citie register id '1': Could not get return from API with Latitude/Longitude provided"}
{"level":"error","message":"[Wed Apr 27 2022 13:43:30 GMT-0300 (GMT-03:00)] [WeatherController] [getWeather]: [OpenWeatherProvider] [getWeather] Catch: Model Citie register id '2': Could not get return from API with Latitude/Longitude provided"}
{"level":"error","message":"[Wed Apr 27 2022 13:43:30 GMT-0300 (GMT-03:00)] [WeatherController] [getWeather]: [OpenWeatherProvider] [getWeather] Catch: Model Citie register id '3': Could not get return from API with Latitude/Longitude provided"}
{"level":"error","message":"[Wed Apr 27 2022 13:44:17 GMT-0300 (GMT-03:00)] [CitiesController] [checkAllWeather] - Model Cities - Register id '4' incomplete: please update with Latitude/Longitude"}
{"level":"error","message":"[Wed Apr 27 2022 13:44:17 GMT-0300 (GMT-03:00)] [WeatherController] [getWeather]: [OpenWeatherProvider] [getWeather] Catch: Model Citie register id '1': Could not get return from API with Latitude/Longitude provided"}
{"level":"error","message":"[Wed Apr 27 2022 13:44:17 GMT-0300 (GMT-03:00)] [WeatherController] [getWeather]: [OpenWeatherProvider] [getWeather] Catch: Model Citie register id '2': Could not get return from API with Latitude/Longitude provided"}
{"level":"error","message":"[Wed Apr 27 2022 13:44:17 GMT-0300 (GMT-03:00)] [WeatherController] [getWeather]: [OpenWeatherProvider] [getWeather] Catch: Model Citie register id '3': Could not get return from API with Latitude/Longitude provided"}
{"level":"error","message":"[Wed Apr 27 2022 13:44:39 GMT-0300 (GMT-03:00)] [CitiesController] [checkAllWeather] - Model Cities - Register id '4' incomplete: please update with Latitude/Longitude"}
{"level":"error","message":"[Wed Apr 27 2022 13:44:39 GMT-0300 (GMT-03:00)] [WeatherController] [getWeather]: [OpenWeatherProvider] [getWeather] Catch: Model Citie register id '1': Could not get return from API with Latitude/Longitude provided"}
{"level":"error","message":"[Wed Apr 27 2022 13:44:39 GMT-0300 (GMT-03:00)] [WeatherController] [getWeather]: [OpenWeatherProvider] [getWeather] Catch: Model Citie register id '2': Could not get return from API with Latitude/Longitude provided"}
{"level":"error","message":"[Wed Apr 27 2022 13:44:39 GMT-0300 (GMT-03:00)] [WeatherController] [getWeather]: [OpenWeatherProvider] [getWeather] Catch: Model Citie register id '3': Could not get return from API with Latitude/Longitude provided"}
{"level":"error","message":"[Wed Apr 27 2022 13:44:44 GMT-0300 (GMT-03:00)] [CitiesController] [checkAllWeather] - Model Cities - Register id '4' incomplete: please update with Latitude/Longitude"}
{"level":"error","message":"[Wed Apr 27 2022 13:44:44 GMT-0300 (GMT-03:00)] [WeatherController] [getWeather] -> [OpenWeatherProvider] [getWeather] Catch: Model Citie register id '1': Could not get return from API with Latitude/Longitude provided"}
{"level":"error","message":"[Wed Apr 27 2022 13:44:44 GMT-0300 (GMT-03:00)] [WeatherController] [getWeather] -> [OpenWeatherProvider] [getWeather] Catch: Model Citie register id '2': Could not get return from API with Latitude/Longitude provided"}
{"level":"error","message":"[Wed Apr 27 2022 13:44:44 GMT-0300 (GMT-03:00)] [WeatherController] [getWeather] -> [OpenWeatherProvider] [getWeather] Catch: Model Citie register id '3': Could not get return from API with Latitude/Longitude provided"}
{"level":"error","message":"[Wed Apr 27 2022 13:44:50 GMT-0300 (GMT-03:00)] [CitiesController] [checkAllWeather] - Model Cities - Register id '4' incomplete: please update with Latitude/Longitude"}
{"level":"error","message":"[Wed Apr 27 2022 13:44:50 GMT-0300 (GMT-03:00)] [WeatherController] [getWeather] -> [OpenWeatherProvider] [getWeather] -> Model Citie register id '1': Could not get return from API with Latitude/Longitude provided"}
{"level":"error","message":"[Wed Apr 27 2022 13:44:50 GMT-0300 (GMT-03:00)] [WeatherController] [getWeather] -> [OpenWeatherProvider] [getWeather] -> Model Citie register id '2': Could not get return from API with Latitude/Longitude provided"}
{"level":"error","message":"[Wed Apr 27 2022 13:44:50 GMT-0300 (GMT-03:00)] [WeatherController] [getWeather] -> [OpenWeatherProvider] [getWeather] -> Model Citie register id '3': Could not get return from API with Latitude/Longitude provided"}
{"level":"error","message":"[Wed Apr 27 2022 13:45:32 GMT-0300 (GMT-03:00)] [CitiesController] [checkAllWeather] - Model Cities - Register id '4' incomplete: please update with Latitude/Longitude"}
{"level":"error","message":"[Wed Apr 27 2022 13:45:32 GMT-0300 (GMT-03:00)] [WeatherController] [getWeather] -> [OpenWeatherProvider] [getWeather] -> Cannot read property 'data' of undefined"}
{"level":"error","message":"[Wed Apr 27 2022 13:45:32 GMT-0300 (GMT-03:00)] [WeatherController] [getWeather] -> [OpenWeatherProvider] [getWeather] -> Cannot read property 'data' of undefined"}
{"level":"error","message":"[Wed Apr 27 2022 13:45:32 GMT-0300 (GMT-03:00)] [WeatherController] [getWeather] -> [OpenWeatherProvider] [getWeather] -> Cannot read property 'data' of undefined"}
{"level":"error","message":"[Wed Apr 27 2022 13:45:46 GMT-0300 (GMT-03:00)] [CitiesController] [checkAllWeather] - Model Cities - Register id '4' incomplete: please update with Latitude/Longitude"}
{"level":"error","message":"[Wed Apr 27 2022 13:45:47 GMT-0300 (GMT-03:00)] [WeatherController] [getWeather] -> [OpenWeatherProvider] [getWeather] -> Cannot read property 'data' of undefined"}
{"level":"error","message":"[Wed Apr 27 2022 13:45:47 GMT-0300 (GMT-03:00)] [WeatherController] [getWeather] -> [OpenWeatherProvider] [getWeather] -> Cannot read property 'data' of undefined"}
{"level":"error","message":"[Wed Apr 27 2022 13:45:47 GMT-0300 (GMT-03:00)] [WeatherController] [getWeather] -> [OpenWeatherProvider] [getWeather] -> Cannot read property 'data' of undefined"}
{"level":"error","message":"[Wed Apr 27 2022 13:49:46 GMT-0300 (GMT-03:00)] [CitiesController] [checkAllWeather]: Model Cities - Register id '4' incomplete, please update with Latitude/Longitude"}
{"level":"error","message":"[Wed Apr 27 2022 13:49:46 GMT-0300 (GMT-03:00)] [WeatherController] [getWeather] -> [OpenWeatherProvider] [getWeather] -> Cannot read property 'data' of undefined"}
{"level":"error","message":"[Wed Apr 27 2022 13:49:46 GMT-0300 (GMT-03:00)] [WeatherController] [getWeather] -> [OpenWeatherProvider] [getWeather] -> Cannot read property 'data' of undefined"}
{"level":"error","message":"[Wed Apr 27 2022 13:49:46 GMT-0300 (GMT-03:00)] [WeatherController] [getWeather] -> [OpenWeatherProvider] [getWeather] -> Cannot read property 'data' of undefined"}
{"level":"error","message":"[Wed Apr 27 2022 18:13:37 GMT-0300 (GMT-03:00)] [CitiesController.checkAllWeather] -> Model Cities - Register id '4' incomplete, please update with Latitude/Longitude"}
{"level":"error","message":"[Wed Apr 27 2022 18:13:38 GMT-0300 (GMT-03:00)] [WeatherController] [getWeather] -> [OpenWeatherProvider] [getWeather] -> Request failed with status code 401"}
{"level":"error","message":"[Wed Apr 27 2022 18:13:38 GMT-0300 (GMT-03:00)] [WeatherController] [getWeather] -> [OpenWeatherProvider] [getWeather] -> Request failed with status code 401"}
{"level":"error","message":"[Wed Apr 27 2022 18:13:38 GMT-0300 (GMT-03:00)] [WeatherController] [getWeather] -> [OpenWeatherProvider] [getWeather] -> Request failed with status code 401"}
{"level":"error","message":"[Wed Apr 27 2022 18:14:24 GMT-0300 (GMT-03:00)] [CitiesController.checkAllWeather] -> Model Cities - Register id '4' incomplete, please update with Latitude/Longitude"}
{"level":"error","message":"[Wed Apr 27 2022 18:14:25 GMT-0300 (GMT-03:00)] [WeatherController] [getWeather] -> [OpenWeatherProvider] [getWeather] -> Request failed with status code 401"}
{"level":"error","message":"[Wed Apr 27 2022 18:14:25 GMT-0300 (GMT-03:00)] [WeatherController] [getWeather] -> [OpenWeatherProvider] [getWeather] -> Request failed with status code 401"}
{"level":"error","message":"[Wed Apr 27 2022 18:14:25 GMT-0300 (GMT-03:00)] [WeatherController] [getWeather] -> [OpenWeatherProvider] [getWeather] -> Request failed with status code 401"}
{"level":"error","message":"[Wed Apr 27 2022 18:14:41 GMT-0300 (GMT-03:00)] [CitiesController.checkAllWeather] -> Model Cities - Register id '4' incomplete, please update with Latitude/Longitude"}
{"level":"error","message":"[Wed Apr 27 2022 18:14:42 GMT-0300 (GMT-03:00)] [WeatherController] [getWeather] -> [OpenWeatherProvider] [getWeather] -> Request failed with status code 401"}
{"level":"error","message":"[Wed Apr 27 2022 18:14:42 GMT-0300 (GMT-03:00)] [WeatherController] [getWeather] -> [OpenWeatherProvider] [getWeather] -> Request failed with status code 401"}
{"level":"error","message":"[Wed Apr 27 2022 18:14:42 GMT-0300 (GMT-03:00)] [WeatherController] [getWeather] -> [OpenWeatherProvider] [getWeather] -> Request failed with status code 401"}
{"level":"error","message":"[Wed Apr 27 2022 18:14:51 GMT-0300 (GMT-03:00)] [CitiesController.checkAllWeather] -> Model Cities - Register id '4' incomplete, please update with Latitude/Longitude"}
{"level":"error","message":"[Wed Apr 27 2022 18:14:52 GMT-0300 (GMT-03:00)] [WeatherController] [getWeather] -> [OpenWeatherProvider] [getWeather] -> Request failed with status code 401"}
{"level":"error","message":"[Wed Apr 27 2022 18:14:52 GMT-0300 (GMT-03:00)] [WeatherController] [getWeather] -> [OpenWeatherProvider] [getWeather] -> Request failed with status code 401"}
{"level":"error","message":"[Wed Apr 27 2022 18:14:52 GMT-0300 (GMT-03:00)] [WeatherController] [getWeather] -> [OpenWeatherProvider] [getWeather] -> Request failed with status code 401"}
{"level":"error","message":"[Wed Apr 27 2022 18:15:03 GMT-0300 (GMT-03:00)] [CitiesController.checkAllWeather] -> Model Cities - Register id '4' incomplete, please update with Latitude/Longitude"}
{"level":"error","message":"[Wed Apr 27 2022 18:15:04 GMT-0300 (GMT-03:00)] [WeatherController] [getWeather] -> [OpenWeatherProvider] [getWeather] -> Request failed with status code 401"}
{"level":"error","message":"[Wed Apr 27 2022 18:15:04 GMT-0300 (GMT-03:00)] [WeatherController] [getWeather] -> [OpenWeatherProvider] [getWeather] -> Request failed with status code 401"}
{"level":"error","message":"[Wed Apr 27 2022 18:15:04 GMT-0300 (GMT-03:00)] [WeatherController] [getWeather] -> [OpenWeatherProvider] [getWeather] -> Request failed with status code 401"}
{"level":"error","message":"[Wed Apr 27 2022 18:26:05 GMT-0300 (GMT-03:00)] [WeatherController] [getWeather] -> Cannot read property 'length' of undefined"}
{"level":"error","message":"[Wed Apr 27 2022 18:27:52 GMT-0300 (GMT-03:00)] [WeatherController] [getWeather] -> [OpenWeatherProvider] [getWeather] -> Request failed with status code 400"}
{"level":"error","message":"[Wed Apr 27 2022 18:28:43 GMT-0300 (GMT-03:00)] [WeatherController] [getWeather] -> Cannot read property 'length' of undefined"}
{"level":"error","message":"[Wed Apr 27 2022 18:37:17 GMT-0300 (GMT-03:00)] [CitiesController.checkAllWeather] -> Model Cities - Register id '4' incomplete, please update with Latitude/Longitude"}
{"level":"error","message":"[Wed Apr 27 2022 18:40:28 GMT-0300 (GMT-03:00)] [CitiesController.checkAllWeather] -> Model Cities - Register id '4' incomplete, please update with Latitude/Longitude"}
{"level":"error","message":"[Wed Apr 27 2022 18:42:32 GMT-0300 (GMT-03:00)] [CitiesController.checkAllWeather] -> Model Cities - Register id '4' incomplete, please update with Latitude/Longitude"}
{"level":"error","message":"[Wed Apr 27 2022 19:30:00 GMT-0300 (GMT-03:00)] [CitiesController.checkAllWeather] -> Model Cities - Register id '4' incomplete, please update with Latitude/Longitude"}
{"level":"error","message":"[Wed Apr 27 2022 20:28:25 GMT-0300 (GMT-03:00)] [CitiesController.checkAllWeather] -> Cannot convert undefined or null to object"}
{"level":"error","message":"[Wed Apr 27 2022 20:28:52 GMT-0300 (GMT-03:00)] [CitiesController.checkAllWeather] -> Cannot convert undefined or null to object"}
{"level":"error","message":"[Wed Apr 27 2022 20:29:11 GMT-0300 (GMT-03:00)] [CitiesController.checkAllWeather] -> Cannot convert undefined or null to object"}
{"level":"error","message":"[Wed Apr 27 2022 20:29:34 GMT-0300 (GMT-03:00)] [CitiesController.checkAllWeather] -> Model Cities - Register id '4' incomplete, please update with Latitude/Longitude"}
{"level":"error","message":"[Thu Apr 28 2022 10:53:22 GMT-0300 (GMT-03:00)] [CitiesController.checkAllWeather] -> Model Cities - Register id '4' incomplete, please update with Latitude/Longitude"}
{"level":"error","message":"[Thu Apr 28 2022 11:30:00 GMT-0300 (GMT-03:00)] [CitiesController.checkAllWeather] -> Model Cities - Register id '4' incomplete, please update with Latitude/Longitude"}
{"level":"error","message":"[Thu Apr 28 2022 11:36:45 GMT-0300 (GMT-03:00)] [CitiesController.checkAllWeather] -> Model Cities - Register id '4' incomplete, please update with Latitude/Longitude"}
{"level":"error","message":"[Thu Apr 28 2022 11:37:03 GMT-0300 (GMT-03:00)] [TerminalController.checkOneWeather] -> ID not send"}
